<?xml version="1.0" encoding="UTF-8"?><testsuite errors="0" tests="0" time="0" failures="0" name="null Results"><properties value="Java(TM) 2 Runtime Environment, Standard Edition" name="java.runtime.name"><property value="UnicodeBig" name="sun.io.unicode.encoding"/></properties><testcase time="0" name="error1"><failure type="junit.framework.AssertionFailedError" message="null Failure">build/Gruntfile.js: line 3, col 5, Missing &quot;use strict&quot; statement.</failure></testcase><testcase time="0" name="error2"><failure type="junit.framework.AssertionFailedError" message="null Failure">build/Gruntfile.js: line 55, col 11, Expected &apos;your_task&apos; to have an indentation at 13 instead at 11.</failure></testcase><testcase time="0" name="error3"><failure type="junit.framework.AssertionFailedError" message="null Failure">build/Gruntfile.js: line 56, col 13, Expected &apos;options&apos; to have an indentation at 17 instead at 13.</failure></testcase><testcase time="0" name="error4"><failure type="junit.framework.AssertionFailedError" message="null Failure">build/Gruntfile.js: line 57, col 17, Expected &apos;exclude&apos; to have an indentation at 21 instead at 17.</failure></testcase><testcase time="0" name="error5"><failure type="junit.framework.AssertionFailedError" message="null Failure">build/Gruntfile.js: line 58, col 13, Expected &apos;}&apos; to have an indentation at 17 instead at 13.</failure></testcase><testcase time="0" name="error6"><failure type="junit.framework.AssertionFailedError" message="null Failure">build/Gruntfile.js: line 59, col 13, Expected &apos;files&apos; to have an indentation at 17 instead at 13.</failure></testcase><testcase time="0" name="error7"><failure type="junit.framework.AssertionFailedError" message="null Failure">build/Gruntfile.js: line 60, col 17, Expected &apos;reports&apos; to have an indentation at 21 instead at 17.</failure></testcase><testcase time="0" name="error8"><failure type="junit.framework.AssertionFailedError" message="null Failure">build/Gruntfile.js: line 61, col 13, Expected &apos;}&apos; to have an indentation at 17 instead at 13.</failure></testcase><testcase time="0" name="error9"><failure type="junit.framework.AssertionFailedError" message="null Failure">build/Gruntfile.js: line 62, col 11, Expected &apos;}&apos; to have an indentation at 13 instead at 11.</failure></testcase><testcase time="0" name="error10"><failure type="junit.framework.AssertionFailedError" message="null Failure">build/Gruntfile.js: line 1, col 1, &apos;module&apos; is not defined.</failure></testcase><testcase time="0" name="error11"><failure type="junit.framework.AssertionFailedError" message="null Failure"></failure></testcase><testcase time="0" name="error12"><failure type="junit.framework.AssertionFailedError" message="null Failure">build/js/app/collections/Collection.js: line 9, col 5, Missing &quot;use strict&quot; statement.</failure></testcase><testcase time="0" name="error13"><failure type="junit.framework.AssertionFailedError" message="null Failure">build/js/app/collections/Collection.js: line 27, col 3, Expected &apos;}&apos; to have an indentation at 1 instead at 3.</failure></testcase><testcase time="0" name="error14"><failure type="junit.framework.AssertionFailedError" message="null Failure">build/js/app/collections/Collection.js: line 3, col 1, &apos;define&apos; is not defined.</failure></testcase><testcase time="0" name="error15"><failure type="junit.framework.AssertionFailedError" message="null Failure">build/js/app/collections/Collection.js: line 5, col 55, &apos;Constants&apos; is defined but never used.</failure></testcase><testcase time="0" name="error16"><failure type="junit.framework.AssertionFailedError" message="null Failure">build/js/app/collections/Collection.js: line 5, col 44, &apos;Util&apos; is defined but never used.</failure></testcase><testcase time="0" name="error17"><failure type="junit.framework.AssertionFailedError" message="null Failure"></failure></testcase><testcase time="0" name="error18"><failure type="junit.framework.AssertionFailedError" message="null Failure">build/js/app/config/config.js: line 3, col 1, &apos;require&apos; is not defined.</failure></testcase><testcase time="0" name="error19"><failure type="junit.framework.AssertionFailedError" message="null Failure"></failure></testcase><testcase time="0" name="error20"><failure type="junit.framework.AssertionFailedError" message="null Failure">build/js/app/helpers/Constants.js: line 5, col 9, Missing &quot;use strict&quot; statement.</failure></testcase><testcase time="0" name="error21"><failure type="junit.framework.AssertionFailedError" message="null Failure">build/js/app/helpers/Constants.js: line 1, col 1, &apos;define&apos; is not defined.</failure></testcase><testcase time="0" name="error22"><failure type="junit.framework.AssertionFailedError" message="null Failure">build/js/app/helpers/Constants.js: line 3, col 26, &apos;Backbone&apos; is defined but never used.</failure></testcase><testcase time="0" name="error23"><failure type="junit.framework.AssertionFailedError" message="null Failure">build/js/app/helpers/Constants.js: line 3, col 16, &apos;$&apos; is defined but never used.</failure></testcase><testcase time="0" name="error24"><failure type="junit.framework.AssertionFailedError" message="null Failure"></failure></testcase><testcase time="0" name="error25"><failure type="junit.framework.AssertionFailedError" message="null Failure">build/js/app/helpers/Helper.js: line 5, col 9, Missing &quot;use strict&quot; statement.</failure></testcase><testcase time="0" name="error26"><failure type="junit.framework.AssertionFailedError" message="null Failure">build/js/app/helpers/Helper.js: line 11, col 21, Expected &apos;{&apos; and instead saw &apos;errors&apos;.</failure></testcase><testcase time="0" name="error27"><failure type="junit.framework.AssertionFailedError" message="null Failure">build/js/app/helpers/Helper.js: line 13, col 21, Expected &apos;{&apos; and instead saw &apos;errors&apos;.</failure></testcase><testcase time="0" name="error28"><failure type="junit.framework.AssertionFailedError" message="null Failure">build/js/app/helpers/Helper.js: line 15, col 21, Expected &apos;{&apos; and instead saw &apos;errors&apos;.</failure></testcase><testcase time="0" name="error29"><failure type="junit.framework.AssertionFailedError" message="null Failure">build/js/app/helpers/Helper.js: line 17, col 21, Expected &apos;{&apos; and instead saw &apos;errors&apos;.</failure></testcase><testcase time="0" name="error30"><failure type="junit.framework.AssertionFailedError" message="null Failure">build/js/app/helpers/Helper.js: line 19, col 21, Expected &apos;{&apos; and instead saw &apos;errors&apos;.</failure></testcase><testcase time="0" name="error31"><failure type="junit.framework.AssertionFailedError" message="null Failure">build/js/app/helpers/Helper.js: line 21, col 21, Expected &apos;{&apos; and instead saw &apos;errors&apos;.</failure></testcase><testcase time="0" name="error32"><failure type="junit.framework.AssertionFailedError" message="null Failure">build/js/app/helpers/Helper.js: line 23, col 21, Expected &apos;{&apos; and instead saw &apos;errors&apos;.</failure></testcase><testcase time="0" name="error33"><failure type="junit.framework.AssertionFailedError" message="null Failure">build/js/app/helpers/Helper.js: line 25, col 21, Expected &apos;{&apos; and instead saw &apos;errors&apos;.</failure></testcase><testcase time="0" name="error34"><failure type="junit.framework.AssertionFailedError" message="null Failure">build/js/app/helpers/Helper.js: line 27, col 21, Expected &apos;{&apos; and instead saw &apos;errors&apos;.</failure></testcase><testcase time="0" name="error35"><failure type="junit.framework.AssertionFailedError" message="null Failure">build/js/app/helpers/Helper.js: line 29, col 21, Expected &apos;{&apos; and instead saw &apos;errors&apos;.</failure></testcase><testcase time="0" name="error36"><failure type="junit.framework.AssertionFailedError" message="null Failure">build/js/app/helpers/Helper.js: line 31, col 21, Expected &apos;{&apos; and instead saw &apos;errors&apos;.</failure></testcase><testcase time="0" name="error37"><failure type="junit.framework.AssertionFailedError" message="null Failure">build/js/app/helpers/Helper.js: line 33, col 21, Expected &apos;{&apos; and instead saw &apos;errors&apos;.</failure></testcase><testcase time="0" name="error38"><failure type="junit.framework.AssertionFailedError" message="null Failure">build/js/app/helpers/Helper.js: line 35, col 21, Expected &apos;{&apos; and instead saw &apos;errors&apos;.</failure></testcase><testcase time="0" name="error39"><failure type="junit.framework.AssertionFailedError" message="null Failure">build/js/app/helpers/Helper.js: line 37, col 21, Expected &apos;{&apos; and instead saw &apos;errors&apos;.</failure></testcase><testcase time="0" name="error40"><failure type="junit.framework.AssertionFailedError" message="null Failure">build/js/app/helpers/Helper.js: line 38, col 36, Expected &apos;{&apos; and instead saw &apos;return&apos;.</failure></testcase><testcase time="0" name="error41"><failure type="junit.framework.AssertionFailedError" message="null Failure">build/js/app/helpers/Helper.js: line 63, col 21, Expected &apos;{&apos; and instead saw &apos;return&apos;.</failure></testcase><testcase time="0" name="error42"><failure type="junit.framework.AssertionFailedError" message="null Failure">build/js/app/helpers/Helper.js: line 65, col 21, Expected &apos;{&apos; and instead saw &apos;return&apos;.</failure></testcase><testcase time="0" name="error43"><failure type="junit.framework.AssertionFailedError" message="null Failure">build/js/app/helpers/Helper.js: line 67, col 21, Expected &apos;{&apos; and instead saw &apos;return&apos;.</failure></testcase><testcase time="0" name="error44"><failure type="junit.framework.AssertionFailedError" message="null Failure">build/js/app/helpers/Helper.js: line 69, col 21, Expected &apos;{&apos; and instead saw &apos;return&apos;.</failure></testcase><testcase time="0" name="error45"><failure type="junit.framework.AssertionFailedError" message="null Failure">build/js/app/helpers/Helper.js: line 71, col 21, Expected &apos;{&apos; and instead saw &apos;return&apos;.</failure></testcase><testcase time="0" name="error46"><failure type="junit.framework.AssertionFailedError" message="null Failure">build/js/app/helpers/Helper.js: line 73, col 21, Expected &apos;{&apos; and instead saw &apos;return&apos;.</failure></testcase><testcase time="0" name="error47"><failure type="junit.framework.AssertionFailedError" message="null Failure">build/js/app/helpers/Helper.js: line 75, col 21, Expected &apos;{&apos; and instead saw &apos;return&apos;.</failure></testcase><testcase time="0" name="error48"><failure type="junit.framework.AssertionFailedError" message="null Failure">build/js/app/helpers/Helper.js: line 83, col 28, Expected &apos;===&apos; and instead saw &apos;==&apos;.</failure></testcase><testcase time="0" name="error49"><failure type="junit.framework.AssertionFailedError" message="null Failure">build/js/app/helpers/Helper.js: line 84, col 19, Expected &apos;var&apos; to have an indentation at 21 instead at 19.</failure></testcase><testcase time="0" name="error50"><failure type="junit.framework.AssertionFailedError" message="null Failure">build/js/app/helpers/Helper.js: line 85, col 23, Expected &apos;AK&apos; to have an indentation at 25 instead at 23.</failure></testcase><testcase time="0" name="error51"><failure type="junit.framework.AssertionFailedError" message="null Failure">build/js/app/helpers/Helper.js: line 86, col 27, Expected &apos;base&apos; to have an indentation at 29 instead at 27.</failure></testcase><testcase time="0" name="error52"><failure type="junit.framework.AssertionFailedError" message="null Failure">build/js/app/helpers/Helper.js: line 87, col 27, Expected &apos;additional&apos; to have an indentation at 29 instead at 27.</failure></testcase><testcase time="0" name="error53"><failure type="junit.framework.AssertionFailedError" message="null Failure">build/js/app/helpers/Helper.js: line 88, col 23, Expected &apos;}&apos; to have an indentation at 25 instead at 23.</failure></testcase><testcase time="0" name="error54"><failure type="junit.framework.AssertionFailedError" message="null Failure">build/js/app/helpers/Helper.js: line 89, col 23, Expected &apos;HI&apos; to have an indentation at 25 instead at 23.</failure></testcase><testcase time="0" name="error55"><failure type="junit.framework.AssertionFailedError" message="null Failure">build/js/app/helpers/Helper.js: line 90, col 27, Expected &apos;base&apos; to have an indentation at 29 instead at 27.</failure></testcase><testcase time="0" name="error56"><failure type="junit.framework.AssertionFailedError" message="null Failure">build/js/app/helpers/Helper.js: line 91, col 27, Expected &apos;additional&apos; to have an indentation at 29 instead at 27.</failure></testcase><testcase time="0" name="error57"><failure type="junit.framework.AssertionFailedError" message="null Failure">build/js/app/helpers/Helper.js: line 92, col 23, Expected &apos;}&apos; to have an indentation at 25 instead at 23.</failure></testcase><testcase time="0" name="error58"><failure type="junit.framework.AssertionFailedError" message="null Failure">build/js/app/helpers/Helper.js: line 93, col 23, Expected &apos;other&apos; to have an indentation at 25 instead at 23.</failure></testcase><testcase time="0" name="error59"><failure type="junit.framework.AssertionFailedError" message="null Failure">build/js/app/helpers/Helper.js: line 94, col 27, Expected &apos;base&apos; to have an indentation at 29 instead at 27.</failure></testcase><testcase time="0" name="error60"><failure type="junit.framework.AssertionFailedError" message="null Failure">build/js/app/helpers/Helper.js: line 95, col 27, Expected &apos;additional&apos; to have an indentation at 29 instead at 27.</failure></testcase><testcase time="0" name="error61"><failure type="junit.framework.AssertionFailedError" message="null Failure">build/js/app/helpers/Helper.js: line 96, col 23, Expected &apos;}&apos; to have an indentation at 25 instead at 23.</failure></testcase><testcase time="0" name="error62"><failure type="junit.framework.AssertionFailedError" message="null Failure">build/js/app/helpers/Helper.js: line 97, col 19, Expected &apos;}&apos; to have an indentation at 21 instead at 19.</failure></testcase><testcase time="0" name="error63"><failure type="junit.framework.AssertionFailedError" message="null Failure">build/js/app/helpers/Helper.js: line 100, col 19, Expected &apos;var&apos; to have an indentation at 21 instead at 19.</failure></testcase><testcase time="0" name="error64"><failure type="junit.framework.AssertionFailedError" message="null Failure">build/js/app/helpers/Helper.js: line 100, col 38, &apos;fplInfoByState&apos; is already defined.</failure></testcase><testcase time="0" name="error65"><failure type="junit.framework.AssertionFailedError" message="null Failure">build/js/app/helpers/Helper.js: line 101, col 23, Expected &apos;AK&apos; to have an indentation at 25 instead at 23.</failure></testcase><testcase time="0" name="error66"><failure type="junit.framework.AssertionFailedError" message="null Failure">build/js/app/helpers/Helper.js: line 102, col 27, Expected &apos;base&apos; to have an indentation at 29 instead at 27.</failure></testcase><testcase time="0" name="error67"><failure type="junit.framework.AssertionFailedError" message="null Failure">build/js/app/helpers/Helper.js: line 103, col 27, Expected &apos;additional&apos; to have an indentation at 29 instead at 27.</failure></testcase><testcase time="0" name="error68"><failure type="junit.framework.AssertionFailedError" message="null Failure">build/js/app/helpers/Helper.js: line 104, col 23, Expected &apos;}&apos; to have an indentation at 25 instead at 23.</failure></testcase><testcase time="0" name="error69"><failure type="junit.framework.AssertionFailedError" message="null Failure">build/js/app/helpers/Helper.js: line 105, col 23, Expected &apos;HI&apos; to have an indentation at 25 instead at 23.</failure></testcase><testcase time="0" name="error70"><failure type="junit.framework.AssertionFailedError" message="null Failure">build/js/app/helpers/Helper.js: line 106, col 27, Expected &apos;base&apos; to have an indentation at 29 instead at 27.</failure></testcase><testcase time="0" name="error71"><failure type="junit.framework.AssertionFailedError" message="null Failure">build/js/app/helpers/Helper.js: line 107, col 27, Expected &apos;additional&apos; to have an indentation at 29 instead at 27.</failure></testcase><testcase time="0" name="error72"><failure type="junit.framework.AssertionFailedError" message="null Failure">build/js/app/helpers/Helper.js: line 108, col 23, Expected &apos;}&apos; to have an indentation at 25 instead at 23.</failure></testcase><testcase time="0" name="error73"><failure type="junit.framework.AssertionFailedError" message="null Failure">build/js/app/helpers/Helper.js: line 109, col 23, Expected &apos;other&apos; to have an indentation at 25 instead at 23.</failure></testcase><testcase time="0" name="error74"><failure type="junit.framework.AssertionFailedError" message="null Failure">build/js/app/helpers/Helper.js: line 110, col 27, Expected &apos;base&apos; to have an indentation at 29 instead at 27.</failure></testcase><testcase time="0" name="error75"><failure type="junit.framework.AssertionFailedError" message="null Failure">build/js/app/helpers/Helper.js: line 110, col 27, Too many errors. (20% scanned).</failure></testcase><testcase time="0" name="error76"><failure type="junit.framework.AssertionFailedError" message="null Failure"></failure></testcase><testcase time="0" name="error77"><failure type="junit.framework.AssertionFailedError" message="null Failure">build/js/app/helpers/Util.js: line 5, col 9, Missing &quot;use strict&quot; statement.</failure></testcase><testcase time="0" name="error78"><failure type="junit.framework.AssertionFailedError" message="null Failure">build/js/app/helpers/Util.js: line 47, col 56, Expected &apos;===&apos; and instead saw &apos;==&apos;.</failure></testcase><testcase time="0" name="error79"><failure type="junit.framework.AssertionFailedError" message="null Failure">build/js/app/helpers/Util.js: line 53, col 95, Expected &apos;===&apos; and instead saw &apos;==&apos;.</failure></testcase><testcase time="0" name="error80"><failure type="junit.framework.AssertionFailedError" message="null Failure">build/js/app/helpers/Util.js: line 100, col 21, Expected &apos;{&apos; and instead saw &apos;return&apos;.</failure></testcase><testcase time="0" name="error81"><failure type="junit.framework.AssertionFailedError" message="null Failure">build/js/app/helpers/Util.js: line 1, col 1, &apos;define&apos; is not defined.</failure></testcase><testcase time="0" name="error82"><failure type="junit.framework.AssertionFailedError" message="null Failure">build/js/app/helpers/Util.js: line 19, col 17, &apos;ficaIsChecked&apos; is not defined.</failure></testcase><testcase time="0" name="error83"><failure type="junit.framework.AssertionFailedError" message="null Failure">build/js/app/helpers/Util.js: line 26, col 24, &apos;lang&apos; is not defined.</failure></testcase><testcase time="0" name="error84"><failure type="junit.framework.AssertionFailedError" message="null Failure">build/js/app/helpers/Util.js: line 32, col 24, &apos;lang&apos; is not defined.</failure></testcase><testcase time="0" name="error85"><failure type="junit.framework.AssertionFailedError" message="null Failure">build/js/app/helpers/Util.js: line 38, col 24, &apos;lang&apos; is not defined.</failure></testcase><testcase time="0" name="error86"><failure type="junit.framework.AssertionFailedError" message="null Failure">build/js/app/helpers/Util.js: line 45, col 24, &apos;lang&apos; is not defined.</failure></testcase><testcase time="0" name="error87"><failure type="junit.framework.AssertionFailedError" message="null Failure">build/js/app/helpers/Util.js: line 51, col 24, &apos;lang&apos; is not defined.</failure></testcase><testcase time="0" name="error88"><failure type="junit.framework.AssertionFailedError" message="null Failure">build/js/app/helpers/Util.js: line 53, col 96, &apos;lang&apos; is not defined.</failure></testcase><testcase time="0" name="error89"><failure type="junit.framework.AssertionFailedError" message="null Failure">build/js/app/helpers/Util.js: line 57, col 24, &apos;lang&apos; is not defined.</failure></testcase><testcase time="0" name="error90"><failure type="junit.framework.AssertionFailedError" message="null Failure">build/js/app/helpers/Util.js: line 63, col 24, &apos;lang&apos; is not defined.</failure></testcase><testcase time="0" name="error91"><failure type="junit.framework.AssertionFailedError" message="null Failure">build/js/app/helpers/Util.js: line 69, col 24, &apos;lang&apos; is not defined.</failure></testcase><testcase time="0" name="error92"><failure type="junit.framework.AssertionFailedError" message="null Failure">build/js/app/helpers/Util.js: line 103, col 29, &apos;_&apos; is not defined.</failure></testcase><testcase time="0" name="error93"><failure type="junit.framework.AssertionFailedError" message="null Failure">build/js/app/helpers/Util.js: line 106, col 24, &apos;_&apos; is not defined.</failure></testcase><testcase time="0" name="error94"><failure type="junit.framework.AssertionFailedError" message="null Failure">build/js/app/helpers/Util.js: line 111, col 17, &apos;_&apos; is not defined.</failure></testcase><testcase time="0" name="error95"><failure type="junit.framework.AssertionFailedError" message="null Failure">build/js/app/helpers/Util.js: line 118, col 21, &apos;_&apos; is not defined.</failure></testcase><testcase time="0" name="error96"><failure type="junit.framework.AssertionFailedError" message="null Failure">build/js/app/helpers/Util.js: line 123, col 29, &apos;_&apos; is not defined.</failure></testcase><testcase time="0" name="error97"><failure type="junit.framework.AssertionFailedError" message="null Failure">build/js/app/helpers/Util.js: line 131, col 17, &apos;_&apos; is not defined.</failure></testcase><testcase time="0" name="error98"><failure type="junit.framework.AssertionFailedError" message="null Failure">build/js/app/helpers/Util.js: line 3, col 26, &apos;Backbone&apos; is defined but never used.</failure></testcase><testcase time="0" name="error99"><failure type="junit.framework.AssertionFailedError" message="null Failure"></failure></testcase><testcase time="0" name="error100"><failure type="junit.framework.AssertionFailedError" message="null Failure">build/js/app/init/DesktopInit.js: line 9, col 7, Missing &quot;use strict&quot; statement.</failure></testcase><testcase time="0" name="error101"><failure type="junit.framework.AssertionFailedError" message="null Failure">build/js/app/init/DesktopInit.js: line 9, col 7, Expected &apos;$&apos; to have an indentation at 9 instead at 7.</failure></testcase><testcase time="0" name="error102"><failure type="junit.framework.AssertionFailedError" message="null Failure">build/js/app/init/DesktopInit.js: line 11, col 11, Expected &apos;new&apos; to have an indentation at 13 instead at 11.</failure></testcase><testcase time="0" name="error103"><failure type="junit.framework.AssertionFailedError" message="null Failure">build/js/app/init/DesktopInit.js: line 13, col 11, Expected &apos;setTimeout&apos; to have an indentation at 13 instead at 11.</failure></testcase><testcase time="0" name="error104"><failure type="junit.framework.AssertionFailedError" message="null Failure">build/js/app/init/DesktopInit.js: line 15, col 3, Expected &apos;var&apos; to have an indentation at 57 instead at 3.</failure></testcase><testcase time="0" name="error105"><failure type="junit.framework.AssertionFailedError" message="null Failure">build/js/app/init/DesktopInit.js: line 16, col 28, Expected &apos;!==&apos; and instead saw &apos;!=&apos;.</failure></testcase><testcase time="0" name="error106"><failure type="junit.framework.AssertionFailedError" message="null Failure">build/js/app/init/DesktopInit.js: line 16, col 51, Expected &apos;j&apos; to have an indentation at 57 instead at 51.</failure></testcase><testcase time="0" name="error107"><failure type="junit.framework.AssertionFailedError" message="null Failure">build/js/app/init/DesktopInit.js: line 16, col 64, Expected &apos;j&apos; to have an indentation at 57 instead at 64.</failure></testcase><testcase time="0" name="error108"><failure type="junit.framework.AssertionFailedError" message="null Failure">build/js/app/init/DesktopInit.js: line 17, col 46, Expected &apos;f&apos; to have an indentation at 57 instead at 46.</failure></testcase><testcase time="0" name="error109"><failure type="junit.framework.AssertionFailedError" message="null Failure">build/js/app/init/DesktopInit.js: line 18, col 1, Expected &apos;}&apos; to have an indentation at 53 instead at 1.</failure></testcase><testcase time="0" name="error110"><failure type="junit.framework.AssertionFailedError" message="null Failure">build/js/app/init/DesktopInit.js: line 18, col 53, Expected &apos;}&apos; to have an indentation at 33 instead at 53.</failure></testcase><testcase time="0" name="error111"><failure type="junit.framework.AssertionFailedError" message="null Failure">build/js/app/init/DesktopInit.js: line 19, col 7, Expected &apos;}&apos; to have an indentation at 9 instead at 7.</failure></testcase><testcase time="0" name="error112"><failure type="junit.framework.AssertionFailedError" message="null Failure">build/js/app/init/DesktopInit.js: line 20, col 3, Expected &apos;}&apos; to have an indentation at 5 instead at 3.</failure></testcase><testcase time="0" name="error113"><failure type="junit.framework.AssertionFailedError" message="null Failure">build/js/app/init/DesktopInit.js: line 5, col 1, &apos;require&apos; is not defined.</failure></testcase><testcase time="0" name="error114"><failure type="junit.framework.AssertionFailedError" message="null Failure"></failure></testcase><testcase time="0" name="error115"><failure type="junit.framework.AssertionFailedError" message="null Failure">build/js/app/init/DesktopInit.min.js: line 1, col 250812, Mixed spaces and tabs.</failure></testcase><testcase time="0" name="error116"><failure type="junit.framework.AssertionFailedError" message="null Failure">build/js/app/init/DesktopInit.min.js: line 1, col 24497, This character may get silently deleted by one or more browsers.</failure></testcase><testcase time="0" name="error117"><failure type="junit.framework.AssertionFailedError" message="null Failure">build/js/app/init/DesktopInit.min.js: line 1, col 13, Missing &quot;use strict&quot; statement.</failure></testcase><testcase time="0" name="error118"><failure type="junit.framework.AssertionFailedError" message="null Failure">build/js/app/init/DesktopInit.min.js: line 1, col 337, Missing semicolon.</failure></testcase><testcase time="0" name="error119"><failure type="junit.framework.AssertionFailedError" message="null Failure">build/js/app/init/DesktopInit.min.js: line 1, col 340, Missing semicolon.</failure></testcase><testcase time="0" name="error120"><failure type="junit.framework.AssertionFailedError" message="null Failure">build/js/app/init/DesktopInit.min.js: line 1, col 504, Missing semicolon.</failure></testcase><testcase time="0" name="error121"><failure type="junit.framework.AssertionFailedError" message="null Failure">build/js/app/init/DesktopInit.min.js: line 1, col 510, Missing semicolon.</failure></testcase><testcase time="0" name="error122"><failure type="junit.framework.AssertionFailedError" message="null Failure">build/js/app/init/DesktopInit.min.js: line 1, col 511, Expected an assignment or function call and instead saw an expression.</failure></testcase><testcase time="0" name="error123"><failure type="junit.framework.AssertionFailedError" message="null Failure">build/js/app/init/DesktopInit.min.js: line 1, col 512, Missing semicolon.</failure></testcase><testcase time="0" name="error124"><failure type="junit.framework.AssertionFailedError" message="null Failure">build/js/app/init/DesktopInit.min.js: line 1, col 733, Missing semicolon.</failure></testcase><testcase time="0" name="error125"><failure type="junit.framework.AssertionFailedError" message="null Failure">build/js/app/init/DesktopInit.min.js: line 1, col 804, Expected &apos;{&apos; and instead saw &apos;return&apos;.</failure></testcase><testcase time="0" name="error126"><failure type="junit.framework.AssertionFailedError" message="null Failure">build/js/app/init/DesktopInit.min.js: line 1, col 1082, Expected an assignment or function call and instead saw an expression.</failure></testcase><testcase time="0" name="error127"><failure type="junit.framework.AssertionFailedError" message="null Failure">build/js/app/init/DesktopInit.min.js: line 1, col 1338, Expected an assignment or function call and instead saw an expression.</failure></testcase><testcase time="0" name="error128"><failure type="junit.framework.AssertionFailedError" message="null Failure">build/js/app/init/DesktopInit.min.js: line 1, col 1339, Missing semicolon.</failure></testcase><testcase time="0" name="error129"><failure type="junit.framework.AssertionFailedError" message="null Failure">build/js/app/init/DesktopInit.min.js: line 1, col 1345, Expected &apos;{&apos; and instead saw &apos;e&apos;.</failure></testcase><testcase time="0" name="error130"><failure type="junit.framework.AssertionFailedError" message="null Failure">build/js/app/init/DesktopInit.min.js: line 1, col 1392, Expected an assignment or function call and instead saw an expression.</failure></testcase><testcase time="0" name="error131"><failure type="junit.framework.AssertionFailedError" message="null Failure">build/js/app/init/DesktopInit.min.js: line 1, col 1393, Missing semicolon.</failure></testcase><testcase time="0" name="error132"><failure type="junit.framework.AssertionFailedError" message="null Failure">build/js/app/init/DesktopInit.min.js: line 1, col 1613, Expected an assignment or function call and instead saw an expression.</failure></testcase><testcase time="0" name="error133"><failure type="junit.framework.AssertionFailedError" message="null Failure">build/js/app/init/DesktopInit.min.js: line 1, col 1614, Missing semicolon.</failure></testcase><testcase time="0" name="error134"><failure type="junit.framework.AssertionFailedError" message="null Failure">build/js/app/init/DesktopInit.min.js: line 1, col 1686, Expected &apos;{&apos; and instead saw &apos;return&apos;.</failure></testcase><testcase time="0" name="error135"><failure type="junit.framework.AssertionFailedError" message="null Failure">build/js/app/init/DesktopInit.min.js: line 1, col 2494, Expected an assignment or function call and instead saw an expression.</failure></testcase><testcase time="0" name="error136"><failure type="junit.framework.AssertionFailedError" message="null Failure">build/js/app/init/DesktopInit.min.js: line 1, col 2495, Missing semicolon.</failure></testcase><testcase time="0" name="error137"><failure type="junit.framework.AssertionFailedError" message="null Failure">build/js/app/init/DesktopInit.min.js: line 1, col 2501, Expected &apos;{&apos; and instead saw &apos;$&apos;.</failure></testcase><testcase time="0" name="error138"><failure type="junit.framework.AssertionFailedError" message="null Failure">build/js/app/init/DesktopInit.min.js: line 1, col 2542, Missing semicolon.</failure></testcase><testcase time="0" name="error139"><failure type="junit.framework.AssertionFailedError" message="null Failure">build/js/app/init/DesktopInit.min.js: line 1, col 2700, Expected an assignment or function call and instead saw an expression.</failure></testcase><testcase time="0" name="error140"><failure type="junit.framework.AssertionFailedError" message="null Failure">build/js/app/init/DesktopInit.min.js: line 1, col 2701, Missing semicolon.</failure></testcase><testcase time="0" name="error141"><failure type="junit.framework.AssertionFailedError" message="null Failure">build/js/app/init/DesktopInit.min.js: line 1, col 2702, Expected an assignment or function call and instead saw an expression.</failure></testcase><testcase time="0" name="error142"><failure type="junit.framework.AssertionFailedError" message="null Failure">build/js/app/init/DesktopInit.min.js: line 1, col 3271, Expected an assignment or function call and instead saw an expression.</failure></testcase><testcase time="0" name="error143"><failure type="junit.framework.AssertionFailedError" message="null Failure">build/js/app/init/DesktopInit.min.js: line 1, col 3272, Missing semicolon.</failure></testcase><testcase time="0" name="error144"><failure type="junit.framework.AssertionFailedError" message="null Failure">build/js/app/init/DesktopInit.min.js: line 1, col 4201, Expected an assignment or function call and instead saw an expression.</failure></testcase><testcase time="0" name="error145"><failure type="junit.framework.AssertionFailedError" message="null Failure">build/js/app/init/DesktopInit.min.js: line 1, col 4202, Missing semicolon.</failure></testcase><testcase time="0" name="error146"><failure type="junit.framework.AssertionFailedError" message="null Failure">build/js/app/init/DesktopInit.min.js: line 1, col 4204, Missing semicolon.</failure></testcase><testcase time="0" name="error147"><failure type="junit.framework.AssertionFailedError" message="null Failure">build/js/app/init/DesktopInit.min.js: line 1, col 4300, Missing semicolon.</failure></testcase><testcase time="0" name="error148"><failure type="junit.framework.AssertionFailedError" message="null Failure">build/js/app/init/DesktopInit.min.js: line 1, col 4322, Missing semicolon.</failure></testcase><testcase time="0" name="error149"><failure type="junit.framework.AssertionFailedError" message="null Failure">build/js/app/init/DesktopInit.min.js: line 1, col 4583, Expected an assignment or function call and instead saw an expression.</failure></testcase><testcase time="0" name="error150"><failure type="junit.framework.AssertionFailedError" message="null Failure">build/js/app/init/DesktopInit.min.js: line 1, col 4584, Missing semicolon.</failure></testcase><testcase time="0" name="error151"><failure type="junit.framework.AssertionFailedError" message="null Failure">build/js/app/init/DesktopInit.min.js: line 1, col 4661, Missing semicolon.</failure></testcase><testcase time="0" name="error152"><failure type="junit.framework.AssertionFailedError" message="null Failure">build/js/app/init/DesktopInit.min.js: line 1, col 4662, Expected an assignment or function call and instead saw an expression.</failure></testcase><testcase time="0" name="error153"><failure type="junit.framework.AssertionFailedError" message="null Failure">build/js/app/init/DesktopInit.min.js: line 1, col 4904, Expected &apos;{&apos; and instead saw &apos;if&apos;.</failure></testcase><testcase time="0" name="error154"><failure type="junit.framework.AssertionFailedError" message="null Failure">build/js/app/init/DesktopInit.min.js: line 1, col 5074, Expected an assignment or function call and instead saw an expression.</failure></testcase><testcase time="0" name="error155"><failure type="junit.framework.AssertionFailedError" message="null Failure">build/js/app/init/DesktopInit.min.js: line 1, col 5075, Missing semicolon.</failure></testcase><testcase time="0" name="error156"><failure type="junit.framework.AssertionFailedError" message="null Failure">build/js/app/init/DesktopInit.min.js: line 1, col 5090, Expected &apos;case&apos; to have an indentation at 4701 instead at 5090.</failure></testcase><testcase time="0" name="error157"><failure type="junit.framework.AssertionFailedError" message="null Failure">build/js/app/init/DesktopInit.min.js: line 1, col 5098, Expected &apos;u&apos; to have an indentation at 4705 instead at 5098.</failure></testcase><testcase time="0" name="error158"><failure type="junit.framework.AssertionFailedError" message="null Failure">build/js/app/init/DesktopInit.min.js: line 1, col 5107, Expected &apos;break&apos; to have an indentation at 4705 instead at 5107.</failure></testcase><testcase time="0" name="error159"><failure type="junit.framework.AssertionFailedError" message="null Failure">build/js/app/init/DesktopInit.min.js: line 1, col 5113, Expected &apos;case&apos; to have an indentation at 4701 instead at 5113.</failure></testcase><testcase time="0" name="error160"><failure type="junit.framework.AssertionFailedError" message="null Failure">build/js/app/init/DesktopInit.min.js: line 1, col 5121, Expected &apos;u&apos; to have an indentation at 4705 instead at 5121.</failure></testcase><testcase time="0" name="error161"><failure type="junit.framework.AssertionFailedError" message="null Failure">build/js/app/init/DesktopInit.min.js: line 1, col 5129, Missing semicolon.</failure></testcase><testcase time="0" name="error162"><failure type="junit.framework.AssertionFailedError" message="null Failure">build/js/app/init/DesktopInit.min.js: line 1, col 5129, Expected &apos;}&apos; to have an indentation at 4697 instead at 5129.</failure></testcase><testcase time="0" name="error163"><failure type="junit.framework.AssertionFailedError" message="null Failure">build/js/app/init/DesktopInit.min.js: line 1, col 5388, Expected an assignment or function call and instead saw an expression.</failure></testcase><testcase time="0" name="error164"><failure type="junit.framework.AssertionFailedError" message="null Failure">build/js/app/init/DesktopInit.min.js: line 1, col 5389, Missing semicolon.</failure></testcase><testcase time="0" name="error165"><failure type="junit.framework.AssertionFailedError" message="null Failure">build/js/app/init/DesktopInit.min.js: line 1, col 5389, Too many errors. (100% scanned).</failure></testcase><testcase time="0" name="error166"><failure type="junit.framework.AssertionFailedError" message="null Failure"></failure></testcase><testcase time="0" name="error167"><failure type="junit.framework.AssertionFailedError" message="null Failure">build/js/app/init/HeaderFooterInit.js: line 3, col 5, Missing &quot;use strict&quot; statement.</failure></testcase><testcase time="0" name="error168"><failure type="junit.framework.AssertionFailedError" message="null Failure">build/js/app/init/HeaderFooterInit.js: line 32, col 5, Missing &quot;use strict&quot; statement.</failure></testcase><testcase time="0" name="error169"><failure type="junit.framework.AssertionFailedError" message="null Failure">build/js/app/init/HeaderFooterInit.js: line 39, col 26, Expected &apos;{&apos; and instead saw &apos;return&apos;.</failure></testcase><testcase time="0" name="error170"><failure type="junit.framework.AssertionFailedError" message="null Failure">build/js/app/init/HeaderFooterInit.js: line 87, col 26, Expected &apos;{&apos; and instead saw &apos;return&apos;.</failure></testcase><testcase time="0" name="error171"><failure type="junit.framework.AssertionFailedError" message="null Failure">build/js/app/init/HeaderFooterInit.js: line 168, col 5, Missing &quot;use strict&quot; statement.</failure></testcase><testcase time="0" name="error172"><failure type="junit.framework.AssertionFailedError" message="null Failure">build/js/app/init/HeaderFooterInit.js: line 4, col 9, &apos;$&apos; is not defined.</failure></testcase><testcase time="0" name="error173"><failure type="junit.framework.AssertionFailedError" message="null Failure">build/js/app/init/HeaderFooterInit.js: line 8, col 24, &apos;$&apos; is not defined.</failure></testcase><testcase time="0" name="error174"><failure type="junit.framework.AssertionFailedError" message="null Failure">build/js/app/init/HeaderFooterInit.js: line 21, col 9, &apos;$&apos; is not defined.</failure></testcase><testcase time="0" name="error175"><failure type="junit.framework.AssertionFailedError" message="null Failure">build/js/app/init/HeaderFooterInit.js: line 23, col 26, &apos;$&apos; is not defined.</failure></testcase><testcase time="0" name="error176"><failure type="junit.framework.AssertionFailedError" message="null Failure">build/js/app/init/HeaderFooterInit.js: line 25, col 17, &apos;$&apos; is not defined.</failure></testcase><testcase time="0" name="error177"><failure type="junit.framework.AssertionFailedError" message="null Failure">build/js/app/init/HeaderFooterInit.js: line 32, col 5, &apos;$&apos; is not defined.</failure></testcase><testcase time="0" name="error178"><failure type="junit.framework.AssertionFailedError" message="null Failure">build/js/app/init/HeaderFooterInit.js: line 33, col 9, &apos;$&apos; is not defined.</failure></testcase><testcase time="0" name="error179"><failure type="junit.framework.AssertionFailedError" message="null Failure">build/js/app/init/HeaderFooterInit.js: line 34, col 13, &apos;$&apos; is not defined.</failure></testcase><testcase time="0" name="error180"><failure type="junit.framework.AssertionFailedError" message="null Failure">build/js/app/init/HeaderFooterInit.js: line 38, col 9, &apos;$&apos; is not defined.</failure></testcase><testcase time="0" name="error181"><failure type="junit.framework.AssertionFailedError" message="null Failure">build/js/app/init/HeaderFooterInit.js: line 41, col 20, &apos;$&apos; is not defined.</failure></testcase><testcase time="0" name="error182"><failure type="junit.framework.AssertionFailedError" message="null Failure">build/js/app/init/HeaderFooterInit.js: line 43, col 13, &apos;$&apos; is not defined.</failure></testcase><testcase time="0" name="error183"><failure type="junit.framework.AssertionFailedError" message="null Failure">build/js/app/init/HeaderFooterInit.js: line 47, col 17, &apos;$&apos; is not defined.</failure></testcase><testcase time="0" name="error184"><failure type="junit.framework.AssertionFailedError" message="null Failure">build/js/app/init/HeaderFooterInit.js: line 49, col 21, &apos;$&apos; is not defined.</failure></testcase><testcase time="0" name="error185"><failure type="junit.framework.AssertionFailedError" message="null Failure">build/js/app/init/HeaderFooterInit.js: line 51, col 29, &apos;$&apos; is not defined.</failure></testcase><testcase time="0" name="error186"><failure type="junit.framework.AssertionFailedError" message="null Failure">build/js/app/init/HeaderFooterInit.js: line 53, col 29, &apos;$&apos; is not defined.</failure></testcase><testcase time="0" name="error187"><failure type="junit.framework.AssertionFailedError" message="null Failure">build/js/app/init/HeaderFooterInit.js: line 56, col 29, &apos;$&apos; is not defined.</failure></testcase><testcase time="0" name="error188"><failure type="junit.framework.AssertionFailedError" message="null Failure">build/js/app/init/HeaderFooterInit.js: line 57, col 44, &apos;$&apos; is not defined.</failure></testcase><testcase time="0" name="error189"><failure type="junit.framework.AssertionFailedError" message="null Failure">build/js/app/init/HeaderFooterInit.js: line 63, col 29, &apos;$&apos; is not defined.</failure></testcase><testcase time="0" name="error190"><failure type="junit.framework.AssertionFailedError" message="null Failure">build/js/app/init/HeaderFooterInit.js: line 64, col 29, &apos;$&apos; is not defined.</failure></testcase><testcase time="0" name="error191"><failure type="junit.framework.AssertionFailedError" message="null Failure">build/js/app/init/HeaderFooterInit.js: line 65, col 29, &apos;$&apos; is not defined.</failure></testcase><testcase time="0" name="error192"><failure type="junit.framework.AssertionFailedError" message="null Failure">build/js/app/init/HeaderFooterInit.js: line 68, col 33, &apos;$&apos; is not defined.</failure></testcase><testcase time="0" name="error193"><failure type="junit.framework.AssertionFailedError" message="null Failure">build/js/app/init/HeaderFooterInit.js: line 80, col 13, &apos;$&apos; is not defined.</failure></testcase><testcase time="0" name="error194"><failure type="junit.framework.AssertionFailedError" message="null Failure">build/js/app/init/HeaderFooterInit.js: line 81, col 13, &apos;$&apos; is not defined.</failure></testcase><testcase time="0" name="error195"><failure type="junit.framework.AssertionFailedError" message="null Failure">build/js/app/init/HeaderFooterInit.js: line 82, col 13, &apos;$&apos; is not defined.</failure></testcase><testcase time="0" name="error196"><failure type="junit.framework.AssertionFailedError" message="null Failure">build/js/app/init/HeaderFooterInit.js: line 86, col 9, &apos;$&apos; is not defined.</failure></testcase><testcase time="0" name="error197"><failure type="junit.framework.AssertionFailedError" message="null Failure">build/js/app/init/HeaderFooterInit.js: line 89, col 20, &apos;$&apos; is not defined.</failure></testcase><testcase time="0" name="error198"><failure type="junit.framework.AssertionFailedError" message="null Failure">build/js/app/init/HeaderFooterInit.js: line 91, col 13, &apos;$&apos; is not defined.</failure></testcase><testcase time="0" name="error199"><failure type="junit.framework.AssertionFailedError" message="null Failure">build/js/app/init/HeaderFooterInit.js: line 93, col 13, &apos;$&apos; is not defined.</failure></testcase><testcase time="0" name="error200"><failure type="junit.framework.AssertionFailedError" message="null Failure">build/js/app/init/HeaderFooterInit.js: line 98, col 17, &apos;$&apos; is not defined.</failure></testcase><testcase time="0" name="error201"><failure type="junit.framework.AssertionFailedError" message="null Failure">build/js/app/init/HeaderFooterInit.js: line 100, col 21, &apos;$&apos; is not defined.</failure></testcase><testcase time="0" name="error202"><failure type="junit.framework.AssertionFailedError" message="null Failure">build/js/app/init/HeaderFooterInit.js: line 101, col 25, &apos;$&apos; is not defined.</failure></testcase><testcase time="0" name="error203"><failure type="junit.framework.AssertionFailedError" message="null Failure">build/js/app/init/HeaderFooterInit.js: line 103, col 29, &apos;$&apos; is not defined.</failure></testcase><testcase time="0" name="error204"><failure type="junit.framework.AssertionFailedError" message="null Failure">build/js/app/init/HeaderFooterInit.js: line 104, col 44, &apos;$&apos; is not defined.</failure></testcase><testcase time="0" name="error205"><failure type="junit.framework.AssertionFailedError" message="null Failure">build/js/app/init/HeaderFooterInit.js: line 110, col 29, &apos;$&apos; is not defined.</failure></testcase><testcase time="0" name="error206"><failure type="junit.framework.AssertionFailedError" message="null Failure">build/js/app/init/HeaderFooterInit.js: line 111, col 29, &apos;$&apos; is not defined.</failure></testcase><testcase time="0" name="error207"><failure type="junit.framework.AssertionFailedError" message="null Failure">build/js/app/init/HeaderFooterInit.js: line 112, col 29, &apos;$&apos; is not defined.</failure></testcase><testcase time="0" name="error208"><failure type="junit.framework.AssertionFailedError" message="null Failure">build/js/app/init/HeaderFooterInit.js: line 114, col 29, &apos;$&apos; is not defined.</failure></testcase><testcase time="0" name="error209"><failure type="junit.framework.AssertionFailedError" message="null Failure">build/js/app/init/HeaderFooterInit.js: line 123, col 13, &apos;$&apos; is not defined.</failure></testcase><testcase time="0" name="error210"><failure type="junit.framework.AssertionFailedError" message="null Failure">build/js/app/init/HeaderFooterInit.js: line 124, col 13, &apos;$&apos; is not defined.</failure></testcase><testcase time="0" name="error211"><failure type="junit.framework.AssertionFailedError" message="null Failure">build/js/app/init/HeaderFooterInit.js: line 125, col 13, &apos;$&apos; is not defined.</failure></testcase><testcase time="0" name="error212"><failure type="junit.framework.AssertionFailedError" message="null Failure">build/js/app/init/HeaderFooterInit.js: line 128, col 22, &apos;$&apos; is not defined.</failure></testcase><testcase time="0" name="error213"><failure type="junit.framework.AssertionFailedError" message="null Failure">build/js/app/init/HeaderFooterInit.js: line 129, col 9, &apos;$&apos; is not defined.</failure></testcase><testcase time="0" name="error214"><failure type="junit.framework.AssertionFailedError" message="null Failure">build/js/app/init/HeaderFooterInit.js: line 130, col 25, &apos;$&apos; is not defined.</failure></testcase><testcase time="0" name="error215"><failure type="junit.framework.AssertionFailedError" message="null Failure">build/js/app/init/HeaderFooterInit.js: line 131, col 9, &apos;$&apos; is not defined.</failure></testcase><testcase time="0" name="error216"><failure type="junit.framework.AssertionFailedError" message="null Failure">build/js/app/init/HeaderFooterInit.js: line 133, col 26, &apos;$&apos; is not defined.</failure></testcase><testcase time="0" name="error217"><failure type="junit.framework.AssertionFailedError" message="null Failure">build/js/app/init/HeaderFooterInit.js: line 133, col 26, Too many errors. (47% scanned).</failure></testcase><testcase time="0" name="error218"><failure type="junit.framework.AssertionFailedError" message="null Failure"></failure></testcase><testcase time="0" name="error219"><failure type="junit.framework.AssertionFailedError" message="null Failure">build/js/app/models/Model.js: line 8, col 9, Missing &quot;use strict&quot; statement.</failure></testcase><testcase time="0" name="error220"><failure type="junit.framework.AssertionFailedError" message="null Failure">build/js/app/models/Model.js: line 3, col 1, &apos;define&apos; is not defined.</failure></testcase><testcase time="0" name="error221"><failure type="junit.framework.AssertionFailedError" message="null Failure">build/js/app/models/Model.js: line 21, col 37, &apos;attrs&apos; is defined but never used.</failure></testcase><testcase time="0" name="error222"><failure type="junit.framework.AssertionFailedError" message="null Failure"></failure></testcase><testcase time="0" name="error223"><failure type="junit.framework.AssertionFailedError" message="null Failure">build/js/app/routers/DesktopRouter.js: line 26, col 9, Missing &quot;use strict&quot; statement.</failure></testcase><testcase time="0" name="error224"><failure type="junit.framework.AssertionFailedError" message="null Failure">build/js/app/routers/DesktopRouter.js: line 110, col 26, Missing semicolon.</failure></testcase><testcase time="0" name="error225"><failure type="junit.framework.AssertionFailedError" message="null Failure">build/js/app/routers/DesktopRouter.js: line 3, col 1, &apos;define&apos; is not defined.</failure></testcase><testcase time="0" name="error226"><failure type="junit.framework.AssertionFailedError" message="null Failure">build/js/app/routers/DesktopRouter.js: line 56, col 40, &apos;ErrorValidator&apos; is not defined.</failure></testcase><testcase time="0" name="error227"><failure type="junit.framework.AssertionFailedError" message="null Failure">build/js/app/routers/DesktopRouter.js: line 61, col 44, &apos;ErrorValidator&apos; is not defined.</failure></testcase><testcase time="0" name="error228"><failure type="junit.framework.AssertionFailedError" message="null Failure">build/js/app/routers/DesktopRouter.js: line 25, col 26, &apos;formValidator&apos; is defined but never used.</failure></testcase><testcase time="0" name="error229"><failure type="junit.framework.AssertionFailedError" message="null Failure">build/js/app/routers/DesktopRouter.js: line 24, col 32, &apos;formValidatorConfig&apos; is defined but never used.</failure></testcase><testcase time="0" name="error230"><failure type="junit.framework.AssertionFailedError" message="null Failure">build/js/app/routers/DesktopRouter.js: line 102, col 41, &apos;metalNumbers&apos; is defined but never used.</failure></testcase><testcase time="0" name="error231"><failure type="junit.framework.AssertionFailedError" message="null Failure">build/js/app/routers/DesktopRouter.js: line 141, col 48, &apos;e&apos; is defined but never used.</failure></testcase><testcase time="0" name="error232"><failure type="junit.framework.AssertionFailedError" message="null Failure">build/js/app/routers/DesktopRouter.js: line 144, col 44, &apos;e&apos; is defined but never used.</failure></testcase><testcase time="0" name="error233"><failure type="junit.framework.AssertionFailedError" message="null Failure"></failure></testcase><testcase time="0" name="error234"><failure type="junit.framework.AssertionFailedError" message="null Failure">build/js/app/views/FilterView.js: line 21, col 9, Missing &quot;use strict&quot; statement.</failure></testcase><testcase time="0" name="error235"><failure type="junit.framework.AssertionFailedError" message="null Failure">build/js/app/views/FilterView.js: line 77, col 25, Expected &apos;{&apos; and instead saw &apos;nav&apos;.</failure></testcase><testcase time="0" name="error236"><failure type="junit.framework.AssertionFailedError" message="null Failure">build/js/app/views/FilterView.js: line 79, col 25, Expected &apos;{&apos; and instead saw &apos;nav&apos;.</failure></testcase><testcase time="0" name="error237"><failure type="junit.framework.AssertionFailedError" message="null Failure">build/js/app/views/FilterView.js: line 106, col 56, Expected &apos;!==&apos; and instead saw &apos;!=&apos;.</failure></testcase><testcase time="0" name="error238"><failure type="junit.framework.AssertionFailedError" message="null Failure">build/js/app/views/FilterView.js: line 107, col 46, Expected &apos;===&apos; and instead saw &apos;==&apos;.</failure></testcase><testcase time="0" name="error239"><failure type="junit.framework.AssertionFailedError" message="null Failure">build/js/app/views/FilterView.js: line 108, col 23, Expected &apos;var&apos; to have an indentation at 25 instead at 23.</failure></testcase><testcase time="0" name="error240"><failure type="junit.framework.AssertionFailedError" message="null Failure">build/js/app/views/FilterView.js: line 109, col 23, Expected &apos;var&apos; to have an indentation at 25 instead at 23.</failure></testcase><testcase time="0" name="error241"><failure type="junit.framework.AssertionFailedError" message="null Failure">build/js/app/views/FilterView.js: line 110, col 23, Expected &apos;$&apos; to have an indentation at 25 instead at 23.</failure></testcase><testcase time="0" name="error242"><failure type="junit.framework.AssertionFailedError" message="null Failure">build/js/app/views/FilterView.js: line 113, col 23, Expected &apos;var&apos; to have an indentation at 25 instead at 23.</failure></testcase><testcase time="0" name="error243"><failure type="junit.framework.AssertionFailedError" message="null Failure">build/js/app/views/FilterView.js: line 113, col 39, &apos;planOrPlans&apos; is already defined.</failure></testcase></testsuite>